thetellerandroid/build/outputs/logs/manifest-merger-debug-report.txt
-- Merging decision tree log ---
manifest
ADDED from src\main\AndroidManifest.xml:2:1-16:12
INJECTED from src\main\AndroidManifest.xml:2:1-16:12
INJECTED from src\main\AndroidManifest.xml:2:1-16:12
INJECTED from src\main\AndroidManifest.xml:2:1-16:12
INJECTED from src\main\AndroidManifest.xml:2:1-16:12
INJECTED from src\main\AndroidManifest.xml:2:1-16:12
INJECTED from src\main\AndroidManifest.xml:2:1-16:12
	package
		ADDED from src\main\AndroidManifest.xml:3:5-48
		INJECTED from src\main\AndroidManifest.xml
		INJECTED from src\main\AndroidManifest.xml
	android:versionName
		INJECTED from src\main\AndroidManifest.xml
		ADDED from src\main\AndroidManifest.xml:2:1-16:12
		INJECTED from src\main\AndroidManifest.xml
	android:versionCode
		INJECTED from src\main\AndroidManifest.xml
		ADDED from src\main\AndroidManifest.xml:2:1-16:12
		INJECTED from src\main\AndroidManifest.xml
	xmlns:android
		ADDED from src\main\AndroidManifest.xml:2:11-69
application
ADDED from src\main\AndroidManifest.xml:5:5-14:19
	android:supportsRtl
		ADDED from src\main\AndroidManifest.xml:8:9-35
	android:label
		ADDED from src\main\AndroidManifest.xml:7:9-41
	android:allowBackup
		ADDED from src\main\AndroidManifest.xml:6:9-35
activity#gh.com.payswitch.thetellerandroid.thetellerActivity
ADDED from src\main\AndroidManifest.xml:9:9-12:52
	android:screenOrientation
		ADDED from src\main\AndroidManifest.xml:12:13-49
	android:label
		ADDED from src\main\AndroidManifest.xml:11:13-45
	android:name
		ADDED from src\main\AndroidManifest.xml:10:13-46
activity#gh.com.payswitch.thetellerandroid.CardOrNumberActivity
ADDED from src\main\AndroidManifest.xml:13:9-67
	android:name
		ADDED from src\main\AndroidManifest.xml:13:19-55
uses-sdk
INJECTED from src\main\AndroidManifest.xml reason: use-sdk injection requested
INJECTED from src\main\AndroidManifest.xml
INJECTED from src\main\AndroidManifest.xml
INJECTED from src\main\AndroidManifest.xml
INJECTED from src\main\AndroidManifest.xml
	android:targetSdkVersion
		INJECTED from src\main\AndroidManifest.xml
		ADDED from src\main\AndroidManifest.xml
		INJECTED from src\main\AndroidManifest.xml
	android:minSdkVersion
		INJECTED from src\main\AndroidManifest.xml
		ADDED from src\main\AndroidManifest.xml
		INJECTED from src\main\AndroidManifest.xml